Mon Dec 12 08:56:40 UTC 2022 - Executing "openroad -python /openlane/scripts/odbpy/lefutil.py get_metal_layers -o /openlane/designs/hehe/runs/RUN_2022.12.12_08.56.40/tmp/layers.list /work/stu/dwfeng/CPULab/OpenLane/pdks/sky130A/libs.ref/sky130_fd_sc_hd/techlef/sky130_fd_sc_hd__nom.tlef"

Mon Dec 12 08:56:41 UTC 2022 - Executing "/openlane/scripts/mergeLef.py -o /openlane/designs/hehe/runs/RUN_2022.12.12_08.56.40/tmp/merged.nom.lef -i /work/stu/dwfeng/CPULab/OpenLane/pdks/sky130A/libs.ref/sky130_fd_sc_hd/techlef/sky130_fd_sc_hd__nom.tlef {/work/stu/dwfeng/CPULab/OpenLane/pdks/sky130A/libs.ref/sky130_fd_sc_hd/lef/sky130_ef_sc_hd.lef /work/stu/dwfeng/CPULab/OpenLane/pdks/sky130A/libs.ref/sky130_fd_sc_hd/lef/sky130_fd_sc_hd.lef} |& tee /dev/null"

Mon Dec 12 08:56:41 UTC 2022 - Executing "/openlane/scripts/mergeLef.py -o /openlane/designs/hehe/runs/RUN_2022.12.12_08.56.40/tmp/merged.min.lef -i /work/stu/dwfeng/CPULab/OpenLane/pdks/sky130A/libs.ref/sky130_fd_sc_hd/techlef/sky130_fd_sc_hd__min.tlef {/work/stu/dwfeng/CPULab/OpenLane/pdks/sky130A/libs.ref/sky130_fd_sc_hd/lef/sky130_ef_sc_hd.lef /work/stu/dwfeng/CPULab/OpenLane/pdks/sky130A/libs.ref/sky130_fd_sc_hd/lef/sky130_fd_sc_hd.lef} |& tee /dev/null"

Mon Dec 12 08:56:41 UTC 2022 - Executing "/openlane/scripts/mergeLef.py -o /openlane/designs/hehe/runs/RUN_2022.12.12_08.56.40/tmp/merged.max.lef -i /work/stu/dwfeng/CPULab/OpenLane/pdks/sky130A/libs.ref/sky130_fd_sc_hd/techlef/sky130_fd_sc_hd__max.tlef {/work/stu/dwfeng/CPULab/OpenLane/pdks/sky130A/libs.ref/sky130_fd_sc_hd/lef/sky130_ef_sc_hd.lef /work/stu/dwfeng/CPULab/OpenLane/pdks/sky130A/libs.ref/sky130_fd_sc_hd/lef/sky130_fd_sc_hd.lef} |& tee /dev/null"

Mon Dec 12 08:56:42 UTC 2022 - Executing "python3 /openlane/scripts/mergeLib.py --output /openlane/designs/hehe/runs/RUN_2022.12.12_08.56.40/tmp/synthesis/merged.lib --name sky130A_merged /work/stu/dwfeng/CPULab/OpenLane/pdks/sky130A/libs.ref/sky130_fd_sc_hd/lib/sky130_fd_sc_hd__tt_100C_1v80.lib"

Mon Dec 12 08:56:43 UTC 2022 - Executing "python3 /openlane/scripts/libtrim.py --cell-file /openlane/designs/hehe/runs/RUN_2022.12.12_08.56.40/tmp/synthesis/trimmed.lib.exclude.list --output /openlane/designs/hehe/runs/RUN_2022.12.12_08.56.40/tmp/synthesis/trimmed.lib /openlane/designs/hehe/runs/RUN_2022.12.12_08.56.40/tmp/synthesis/merged.lib"

Mon Dec 12 08:56:43 UTC 2022 - Executing "python3 /openlane/scripts/libtrim.py --cell-file /openlane/designs/hehe/runs/RUN_2022.12.12_08.56.40/tmp/cts/cts.lib.exclude.list --output /openlane/designs/hehe/runs/RUN_2022.12.12_08.56.40/tmp/cts/cts.lib /work/stu/dwfeng/CPULab/OpenLane/pdks/sky130A/libs.ref/sky130_fd_sc_hd/lib/sky130_fd_sc_hd__tt_100C_1v80.lib"

Mon Dec 12 08:56:43 UTC 2022 - Executing "python3 /openlane/scripts/new_tracks.py -i /work/stu/dwfeng/CPULab/OpenLane/pdks/sky130A/libs.tech/openlane/sky130_fd_sc_hd/tracks.info -o /openlane/designs/hehe/runs/RUN_2022.12.12_08.56.40/tmp/routing/config.tracks"

Mon Dec 12 08:56:44 UTC 2022 - Executing "echo {OpenLane e3a5189a1b0fc4290686fcf2ae46cd6d7947cf9f} > /openlane/designs/hehe/runs/RUN_2022.12.12_08.56.40/OPENLANE_VERSION"

Mon Dec 12 08:56:44 UTC 2022 - Executing "sed -E {s/^([[:space:]]+)pg_pin(.*)/\1pin\2\n\1    direction : "inout";/g} /work/stu/dwfeng/CPULab/OpenLane/pdks/sky130A/libs.ref/sky130_fd_sc_hd/lib/sky130_fd_sc_hd__tt_100C_1v80.lib > /openlane/designs/hehe/runs/RUN_2022.12.12_08.56.40/tmp/synthesis/1-sky130_fd_sc_hd__tt_100C_1v80.no_pg.lib"

Mon Dec 12 08:56:44 UTC 2022 - Executing "sed -E {s/^([[:space:]]+)pg_pin(.*)/\1pin\2\n\1    direction : "inout";/g} /openlane/designs/hehe/runs/RUN_2022.12.12_08.56.40/tmp/synthesis/trimmed.lib > /openlane/designs/hehe/runs/RUN_2022.12.12_08.56.40/tmp/synthesis/1-trimmed.no_pg.lib"

Mon Dec 12 08:56:44 UTC 2022 - Executing "yosys -c /openlane/scripts/yosys/synth.tcl -l /openlane/designs/hehe/runs/RUN_2022.12.12_08.56.40/logs/synthesis/1-synthesis.log |& tee /dev/null"

Mon Dec 12 09:05:00 UTC 2022 - Executing "sed -i -e {s/\(set ::env(CURRENT_NETLIST)\).*/\1 \/openlane\/designs\/hehe\/runs\/RUN_2022.12.12_08.56.40\/results\/synthesis\/hehe.v/} /openlane/designs/hehe/runs/RUN_2022.12.12_08.56.40/config.tcl"

Mon Dec 12 09:05:00 UTC 2022 - Executing "sed -i /defparam/d /openlane/designs/hehe/runs/RUN_2022.12.12_08.56.40/results/synthesis/hehe.v"

Mon Dec 12 09:05:01 UTC 2022 - Executing "openroad -exit /openlane/scripts/openroad/sta.tcl |& tee /dev/null /openlane/designs/hehe/runs/RUN_2022.12.12_08.56.40/logs/synthesis/2-sta.log"

Mon Dec 12 09:05:22 UTC 2022 - Executing "sed -E {s/^([[:space:]]+)pg_pin(.*)/\1pin\2\n\1    direction : "inout";/g} /work/stu/dwfeng/CPULab/OpenLane/pdks/sky130A/libs.ref/sky130_fd_sc_hd/lib/sky130_fd_sc_hd__tt_100C_1v80.lib > /openlane/designs/hehe/runs/RUN_2022.12.12_08.56.40/tmp/synthesis/2-sky130_fd_sc_hd__tt_100C_1v80.no_pg.lib"

Mon Dec 12 09:05:22 UTC 2022 - Executing "sed -E {s/^([[:space:]]+)pg_pin(.*)/\1pin\2\n\1    direction : "inout";/g} /openlane/designs/hehe/runs/RUN_2022.12.12_08.56.40/tmp/synthesis/trimmed.lib > /openlane/designs/hehe/runs/RUN_2022.12.12_08.56.40/tmp/synthesis/2-trimmed.no_pg.lib"

Mon Dec 12 09:05:23 UTC 2022 - Executing "yosys -c /openlane/scripts/yosys/synth.tcl -l /dev/null |& tee /dev/null"

Mon Dec 12 09:15:27 UTC 2022 - Executing "openroad -exit /openlane/scripts/openroad/floorplan.tcl |& tee /dev/null /openlane/designs/hehe/runs/RUN_2022.12.12_08.56.40/logs/floorplan/3-initial_fp.log"

Mon Dec 12 09:15:30 UTC 2022 - Executing "openroad -exit /openlane/scripts/openroad/floorplan.tcl |& tee /dev/null /openlane/designs/hehe/runs/RUN_2022.12.12_08.56.40/logs/floorplan/3-initial_fp.log"

Mon Dec 12 09:15:31 UTC 2022 - Executing "openroad -python /openlane/scripts/odbpy/defutil.py extract_core_dims --output-data /openlane/designs/hehe/runs/RUN_2022.12.12_08.56.40/tmp/dimensions.txt --input-lef /openlane/designs/hehe/runs/RUN_2022.12.12_08.56.40/tmp/merged.nom.lef /openlane/designs/hehe/runs/RUN_2022.12.12_08.56.40/tmp/floorplan/3-initial_fp.def"

Mon Dec 12 09:15:32 UTC 2022 - Executing "openroad -exit /openlane/scripts/openroad/ioplacer.tcl |& tee /dev/null /openlane/designs/hehe/runs/RUN_2022.12.12_08.56.40/logs/floorplan/4-io.log"

Mon Dec 12 09:15:34 UTC 2022 - Executing "openroad -exit /openlane/scripts/openroad/tapcell.tcl |& tee /dev/null /openlane/designs/hehe/runs/RUN_2022.12.12_08.56.40/logs/floorplan/5-tap.log"

Mon Dec 12 09:15:37 UTC 2022 - Executing "openroad -exit /openlane/scripts/openroad/pdn.tcl |& tee /dev/null /openlane/designs/hehe/runs/RUN_2022.12.12_08.56.40/logs/floorplan/6-pdn.log"

Mon Dec 12 09:15:42 UTC 2022 - Executing "openroad -exit /openlane/scripts/openroad/gpl.tcl |& tee /dev/null /openlane/designs/hehe/runs/RUN_2022.12.12_08.56.40/logs/placement/7-global.log"

Mon Dec 12 09:20:19 UTC 2022 - Executing "openroad -exit /openlane/scripts/openroad/dpl.tcl |& tee /dev/null /openlane/designs/hehe/runs/RUN_2022.12.12_08.56.40/logs/placement/8-detailed.log"

Mon Dec 12 09:20:24 UTC 2022 - Executing "sed -i -e {s/\(set ::env(CURRENT_NETLIST)\).*/\1 \/openlane\/designs\/hehe\/runs\/RUN_2022.12.12_08.56.40\/results\/placement\/hehe.nl.v/} /openlane/designs/hehe/runs/RUN_2022.12.12_08.56.40/config.tcl"

Mon Dec 12 09:20:25 UTC 2022 - Executing "openroad -exit /openlane/scripts/openroad/resizer_routing_timing.tcl |& tee /dev/null /openlane/designs/hehe/runs/RUN_2022.12.12_08.56.40/logs/routing/9-resizer.log"

Mon Dec 12 09:34:29 UTC 2022 - Executing "sed -i -e {s/\(set ::env(CURRENT_NETLIST)\).*/\1 \/openlane\/designs\/hehe\/runs\/RUN_2022.12.12_08.56.40\/tmp\/9-hehe.nl.v/} /openlane/designs/hehe/runs/RUN_2022.12.12_08.56.40/config.tcl"

Mon Dec 12 09:34:29 UTC 2022 - Executing "openroad -exit /openlane/scripts/openroad/dpl.tcl |& tee /dev/null /openlane/designs/hehe/runs/RUN_2022.12.12_08.56.40/logs/routing/10-diode_legalization.log"

Mon Dec 12 09:34:39 UTC 2022 - Executing "sed -i -e {s/\(set ::env(CURRENT_NETLIST)\).*/\1 \/openlane\/designs\/hehe\/runs\/RUN_2022.12.12_08.56.40\/tmp\/routing\/diode.nl.v/} /openlane/designs/hehe/runs/RUN_2022.12.12_08.56.40/config.tcl"

Mon Dec 12 09:34:39 UTC 2022 - Executing "openroad -exit /openlane/scripts/openroad/groute.tcl |& tee /dev/null /openlane/designs/hehe/runs/RUN_2022.12.12_08.56.40/logs/routing/11-global.log"

Mon Dec 12 09:41:58 UTC 2022 - Executing "openroad -python /openlane/scripts/odbpy/defutil.py replace_instance_prefixes --original-prefix ANTENNA --new-prefix INSDIODE1 --input-lef /openlane/designs/hehe/runs/RUN_2022.12.12_08.56.40/tmp/merged.nom.lef --output-def /openlane/designs/hehe/runs/RUN_2022.12.12_08.56.40/tmp/routing/diode.def --output /openlane/designs/hehe/runs/RUN_2022.12.12_08.56.40/tmp/routing/diode.odb /openlane/designs/hehe/runs/RUN_2022.12.12_08.56.40/tmp/routing/diode.odb |& tee /dev/null /openlane/designs/hehe/runs/RUN_2022.12.12_08.56.40/logs/routing/11-antenna_diodes_1.log"

Mon Dec 12 09:42:01 UTC 2022 - Executing "openroad -exit /openlane/scripts/openroad/groute.tcl |& tee /dev/null /openlane/designs/hehe/runs/RUN_2022.12.12_08.56.40/logs/routing/11-antenna_route_1.log"

Mon Dec 12 09:47:14 UTC 2022 - Executing "openroad -exit /openlane/scripts/openroad/write_views.tcl |& tee /dev/null /openlane/designs/hehe/runs/RUN_2022.12.12_08.56.40/logs/routing/11-global_write_netlist.log"

Mon Dec 12 09:47:16 UTC 2022 - Executing "sed -i -e {s/\(set ::env(CURRENT_NETLIST)\).*/\1 \/openlane\/designs\/hehe\/runs\/RUN_2022.12.12_08.56.40\/tmp\/routing\/global.nl.v/} /openlane/designs/hehe/runs/RUN_2022.12.12_08.56.40/config.tcl"

Mon Dec 12 09:47:17 UTC 2022 - Executing "openroad -exit /openlane/scripts/openroad/fill.tcl |& tee /dev/null /openlane/designs/hehe/runs/RUN_2022.12.12_08.56.40/logs/routing/13-fill.log"

Mon Dec 12 09:47:27 UTC 2022 - Executing "sed -i -e {s/\(set ::env(CURRENT_NETLIST)\).*/\1 \/openlane\/designs\/hehe\/runs\/RUN_2022.12.12_08.56.40\/tmp\/routing\/13-fill.nl.v/} /openlane/designs/hehe/runs/RUN_2022.12.12_08.56.40/config.tcl"

Mon Dec 12 09:47:28 UTC 2022 - Executing "openroad -exit /openlane/scripts/openroad/droute.tcl |& tee /dev/null /openlane/designs/hehe/runs/RUN_2022.12.12_08.56.40/logs/routing/14-detailed.log"

Mon Dec 12 12:57:41 UTC 2022 - Executing "sed -i -e {s/\(set ::env(CURRENT_NETLIST)\).*/\1 \/openlane\/designs\/hehe\/runs\/RUN_2022.12.12_08.56.40\/results\/routing\/hehe.nl.v/} /openlane/designs/hehe/runs/RUN_2022.12.12_08.56.40/config.tcl"

Mon Dec 12 12:57:41 UTC 2022 - Executing "openroad -python /openlane/scripts/drc_rosetta.py tr to_klayout -o /openlane/designs/hehe/runs/RUN_2022.12.12_08.56.40/reports/routing/drt.klayout.xml --design-name hehe /openlane/designs/hehe/runs/RUN_2022.12.12_08.56.40/reports/routing/drt.drc"

Mon Dec 12 12:57:41 UTC 2022 - Executing "openroad -exit /openlane/scripts/openroad/rcx.tcl |& tee /dev/null /openlane/designs/hehe/runs/RUN_2022.12.12_08.56.40/logs/signoff/15-parasitics_extraction.min.log"

Mon Dec 12 12:58:51 UTC 2022 - Executing "openroad -exit /openlane/scripts/openroad/sta_multi_corner.tcl |& tee /dev/null /openlane/designs/hehe/runs/RUN_2022.12.12_08.56.40/logs/signoff/16-rcx_mcsta.min.log"

Mon Dec 12 12:58:57 UTC 2022 - Executing "python3 /openlane/scripts/generate_reports.py -d /openlane/designs/hehe --design_name hehe --tag RUN_2022.12.12_08.56.40 --output_file /openlane/designs/hehe/runs/RUN_2022.12.12_08.56.40/reports/metrics.csv --man_report /openlane/designs/hehe/runs/RUN_2022.12.12_08.56.40/reports/manufacturability.rpt --run_path /openlane/designs/hehe/runs/RUN_2022.12.12_08.56.40"

