[INFO]: Run Directory: /openlane/designs/hehe/runs/RUN_2022.12.12_08.56.40
[INFO]: Preparing LEF files for the nom corner...
[INFO]: Preparing LEF files for the min corner...
[INFO]: Preparing LEF files for the max corner...
[INFO]: Running Synthesis (log: designs/hehe/runs/RUN_2022.12.12_08.56.40/logs/synthesis/1-synthesis.log)...
[INFO]: Running Single-Corner Static Timing Analysis (log: designs/hehe/runs/RUN_2022.12.12_08.56.40/logs/synthesis/2-sta.log)...
[INFO]: Creating a netlist with power/ground pins.
[INFO]: Running Initial Floorplanning (log: designs/hehe/runs/RUN_2022.12.12_08.56.40/logs/floorplan/3-initial_fp.log)...
[INFO]: Extracting core dimensions...
[INFO]: Set CORE_WIDTH to 1908.54, CORE_HEIGHT to 1895.84.
[INFO]: Running IO Placement...
[INFO]: Running Tap/Decap Insertion (log: designs/hehe/runs/RUN_2022.12.12_08.56.40/logs/floorplan/5-tap.log)...
[INFO]: Power planning with power {vccd1} and ground {vssd1}...
[INFO]: Generating PDN (log: designs/hehe/runs/RUN_2022.12.12_08.56.40/logs/floorplan/6-pdn.log)...
[INFO]: Running Global Placement (log: designs/hehe/runs/RUN_2022.12.12_08.56.40/logs/placement/7-global.log)...
[INFO]: Skipping Placement Resizer Design Optimizations.
[INFO]: Running Detailed Placement (log: designs/hehe/runs/RUN_2022.12.12_08.56.40/logs/placement/8-detailed.log)...
[INFO]: Skipping Placement Resizer Timing Optimizations.
[INFO]: Running Global Routing Resizer Timing Optimizations (log: designs/hehe/runs/RUN_2022.12.12_08.56.40/logs/routing/9-resizer.log)...
[INFO]: Running Detailed Placement (log: designs/hehe/runs/RUN_2022.12.12_08.56.40/logs/routing/10-diode_legalization.log)...
[INFO]: Running Global Routing (log: designs/hehe/runs/RUN_2022.12.12_08.56.40/logs/routing/11-global.log)...
[INFO]: Starting OpenROAD Antenna Repair Iterations...
[INFO]: Starting antenna repair iteration 1 with 174 violations...
[INFO]: [Iteration 1] Failed to reduce antenna violations (174 -> 174), stopping iterations...
[INFO]: Writing Verilog (log: designs/hehe/runs/RUN_2022.12.12_08.56.40/logs/routing/11-global_write_netlist.log)...
[INFO]: Running Fill Insertion (log: designs/hehe/runs/RUN_2022.12.12_08.56.40/logs/routing/13-fill.log)...
[INFO]: Running Detailed Routing (log: designs/hehe/runs/RUN_2022.12.12_08.56.40/logs/routing/14-detailed.log)...
[INFO]: No DRC violations after detailed routing.
[INFO]: Running SPEF Extraction at the min process corner (log: designs/hehe/runs/RUN_2022.12.12_08.56.40/logs/signoff/15-parasitics_extraction.min.log)...
[INFO]: Running Multi-Corner Static Timing Analysis at the min process corner (log: designs/hehe/runs/RUN_2022.12.12_08.56.40/logs/signoff/16-rcx_mcsta.min.log)...
[ERROR]: during executing openroad script /openlane/scripts/openroad/sta_multi_corner.tcl
[ERROR]: Log: designs/hehe/runs/RUN_2022.12.12_08.56.40/logs/signoff/16-rcx_mcsta.min.log
[ERROR]: Last 10 lines:
OpenROAD 4174c3ad802d2ac1d04d387d2c4b883903f6647e 
This program is licensed under the BSD-3 license. See the LICENSE file for details.
Components of this program may be licensed under more restrictive licenses which must be honored.
Error: sta_multi_corner.tcl, 17 cannot read file /work/stu/dwfeng/CPULab/OpenLane/pdks/sky130A/libs.ref/sky130_fd_sc_hd/lib/sky130_fd_sc_hd__ss_N40C_1v60.lib.
child process exited abnormally

[ERROR]: Creating issue reproducible...
[INFO]: Saving runtime environment...
[INFO]: Reproducible packaged: Please tarball and upload 'designs/hehe/runs/RUN_2022.12.12_08.56.40/issue_reproducible' if you're going to submit an issue.
[INFO]: Saving current set of views in 'designs/hehe/runs/RUN_2022.12.12_08.56.40/results/final'...
[INFO]: Generating final set of reports...
[INFO]: Created manufacturability report at 'designs/hehe/runs/RUN_2022.12.12_08.56.40/reports/manufacturability.rpt'.
[INFO]: Created metrics report at 'designs/hehe/runs/RUN_2022.12.12_08.56.40/reports/metrics.csv'.
[INFO]: Saving runtime environment...
[ERROR]: Flow failed.
